# JRE version: Java(TM) SE Runtime Environment (8.0_131-b11) (build 1.8.0_131-b11)
# Java VM: Java HotSpot(TM) 64-Bit Server VM (25.131-b11 mixed mode windows-amd64 compressed oops)
Heap:
 PSYoungGen      total 56320K, used 17489K [0x0000000781a00000, 0x0000000785880000, 0x00000007c0000000)
  eden space 48640K, 20% used [0x0000000781a00000,0x000000078239b848,0x0000000784980000)
  from space 7680K, 99% used [0x0000000785100000,0x0000000785878cd0,0x0000000785880000)
  to   space 7680K, 0% used [0x0000000784980000,0x0000000784980000,0x0000000785100000)
 ParOldGen       total 128512K, used 2790K [0x0000000704e00000, 0x000000070cb80000, 0x0000000781a00000)
  object space 128512K, 2% used [0x0000000704e00000,0x00000007050b9a48,0x000000070cb80000)
 Metaspace       used 17596K, capacity 17814K, committed 18176K, reserved 1064960K
  class space    used 2400K, capacity 2478K, committed 2560K, reserved 1048576K
GC Heap History (4 events):
Event: 1.974 GC heap before
{Heap before GC invocations=1 (full 0):
 PSYoungGen      total 56320K, used 48640K [0x0000000781a00000, 0x0000000785880000, 0x00000007c0000000)
  eden space 48640K, 100% used [0x0000000781a00000,0x0000000784980000,0x0000000784980000)
  from space 7680K, 0% used [0x0000000785100000,0x0000000785100000,0x0000000785880000)
  to   space 7680K, 0% used [0x0000000784980000,0x0000000784980000,0x0000000785100000)
 ParOldGen       total 128512K, used 0K [0x0000000704e00000, 0x000000070cb80000, 0x0000000781a00000)
  object space 128512K, 0% used [0x0000000704e00000,0x0000000704e00000,0x000000070cb80000)
 Metaspace       used 9006K, capacity 9336K, committed 9600K, reserved 1056768K
  class space    used 1222K, capacity 1320K, committed 1408K, reserved 1048576K
Event: 1.982 GC heap after
Heap after GC invocations=1 (full 0):
 PSYoungGen      total 56320K, used 6288K [0x0000000781a00000, 0x0000000785880000, 0x00000007c0000000)
  eden space 48640K, 0% used [0x0000000781a00000,0x0000000781a00000,0x0000000784980000)
  from space 7680K, 81% used [0x0000000784980000,0x0000000784fa42d8,0x0000000785100000)
  to   space 7680K, 0% used [0x0000000785100000,0x0000000785100000,0x0000000785880000)
 ParOldGen       total 128512K, used 16K [0x0000000704e00000, 0x000000070cb80000, 0x0000000781a00000)
  object space 128512K, 0% used [0x0000000704e00000,0x0000000704e04000,0x000000070cb80000)
 Metaspace       used 9006K, capacity 9336K, committed 9600K, reserved 1056768K
  class space    used 1222K, capacity 1320K, committed 1408K, reserved 1048576K
}
Event: 4.287 GC heap before
{Heap before GC invocations=2 (full 0):
 PSYoungGen      total 56320K, used 54928K [0x0000000781a00000, 0x0000000785880000, 0x00000007c0000000)
  eden space 48640K, 100% used [0x0000000781a00000,0x0000000784980000,0x0000000784980000)
  from space 7680K, 81% used [0x0000000784980000,0x0000000784fa42d8,0x0000000785100000)
  to   space 7680K, 0% used [0x0000000785100000,0x0000000785100000,0x0000000785880000)
 ParOldGen       total 128512K, used 16K [0x0000000704e00000, 0x000000070cb80000, 0x0000000781a00000)
  object space 128512K, 0% used [0x0000000704e00000,0x0000000704e04000,0x000000070cb80000)
 Metaspace       used 17244K, capacity 17514K, committed 17920K, reserved 1064960K
  class space    used 2366K, capacity 2444K, committed 2560K, reserved 1048576K
Event: 4.303 GC heap after
Heap after GC invocations=2 (full 0):
 PSYoungGen      total 56320K, used 7651K [0x0000000781a00000, 0x0000000785880000, 0x00000007c0000000)
  eden space 48640K, 0% used [0x0000000781a00000,0x0000000781a00000,0x0000000784980000)
  from space 7680K, 99% used [0x0000000785100000,0x0000000785878cd0,0x0000000785880000)
  to   space 7680K, 0% used [0x0000000784980000,0x0000000784980000,0x0000000785100000)
 ParOldGen       total 128512K, used 2790K [0x0000000704e00000, 0x000000070cb80000, 0x0000000781a00000)
  object space 128512K, 2% used [0x0000000704e00000,0x00000007050b9a48,0x000000070cb80000)
 Metaspace       used 17244K, capacity 17514K, committed 17920K, reserved 1064960K
  class space    used 2366K, capacity 2444K, committed 2560K, reserved 1048576K
}

